2012-01-18 16:37:59,508:508.771896362 - ubuntu-sso-login - INFO - Starting Ubuntu SSO login manager for bus 'com.ubuntu.sso'.
2012-01-18 16:37:59,519:519.236087799 - ubuntu_sso.account - INFO - Created a new SSO access layer for service url 'https://login.ubuntu.com/api/1.0'
2012-01-18 16:43:55,475:475.769996643 - ubuntu_sso.credentials - INFO - find_credentials: self.app_name dbus.String(u'Ubuntu Software Center'), result is {}? True
2012-01-18 16:43:55,476:476.102113724 - ubuntu_sso.main - INFO - CredentialsManagement: emitting CredentialsNotFound with app_name "Ubuntu Software Center".
2012-01-19 01:06:32,504:504.267930984 - ubuntu-sso-login - INFO - Starting Ubuntu SSO login manager for bus 'com.ubuntu.sso'.
2012-01-19 01:06:32,518:518.86510849 - ubuntu_sso.account - INFO - Created a new SSO access layer for service url 'https://login.ubuntu.com/api/1.0'
2012-01-19 01:06:32,545:545.689105988 - ubuntu_sso.credentials - INFO - find_credentials: self.app_name dbus.String(u'Ubuntu Software Center'), result is {}? True
2012-01-19 01:06:32,546:546.015977859 - ubuntu_sso.main - INFO - CredentialsManagement: emitting CredentialsNotFound with app_name "Ubuntu Software Center".
2012-01-19 01:06:42,557:557.452917099 - ubuntu_sso.main - INFO - Shutting down, calling <built-in function main_quit>.
2012-01-19 01:11:33,769:769.073963165 - ubuntu-sso-login - INFO - Starting Ubuntu SSO login manager for bus 'com.ubuntu.sso'.
2012-01-19 01:11:33,785:785.542011261 - ubuntu_sso.account - INFO - Created a new SSO access layer for service url 'https://login.ubuntu.com/api/1.0'
2012-01-19 01:11:33,825:825.381994247 - ubuntu_sso.credentials - INFO - find_credentials: self.app_name dbus.String(u'Ubuntu Software Center'), result is {}? True
2012-01-19 01:11:33,825:825.762987137 - ubuntu_sso.main - INFO - CredentialsManagement: emitting CredentialsNotFound with app_name "Ubuntu Software Center".
2012-01-19 01:11:43,837:837.264060974 - ubuntu_sso.main - INFO - Shutting down, calling <built-in function main_quit>.
2012-01-19 01:35:53,043:43.0479049683 - ubuntu-sso-login - INFO - Starting Ubuntu SSO login manager for bus 'com.ubuntu.sso'.
2012-01-19 01:35:53,048:48.8390922546 - ubuntu_sso.account - INFO - Created a new SSO access layer for service url 'https://login.ubuntu.com/api/1.0'
2012-01-19 01:35:53,166:166.574001312 - ubuntu_sso.credentials - INFO - find_credentials: self.app_name dbus.String(u'Ubuntu Software Center'), result is {}? True
2012-01-19 01:35:53,166:166.960000992 - ubuntu_sso.main - INFO - CredentialsManagement: emitting CredentialsNotFound with app_name "Ubuntu Software Center".
2012-01-19 01:36:03,210:210.541963577 - ubuntu_sso.main - INFO - Shutting down, calling <built-in function main_quit>.
2012-01-19 01:40:55,005:5.30600547791 - ubuntu-sso-login - INFO - Starting Ubuntu SSO login manager for bus 'com.ubuntu.sso'.
2012-01-19 01:40:55,019:19.0870761871 - ubuntu_sso.account - INFO - Created a new SSO access layer for service url 'https://login.ubuntu.com/api/1.0'
2012-01-19 01:40:55,072:72.5619792938 - ubuntu_sso.credentials - INFO - find_credentials: self.app_name dbus.String(u'Ubuntu Software Center'), result is {}? True
2012-01-19 01:40:55,072:72.9150772095 - ubuntu_sso.main - INFO - CredentialsManagement: emitting CredentialsNotFound with app_name "Ubuntu Software Center".
2012-01-19 01:41:05,081:81.5720558167 - ubuntu_sso.main - INFO - Shutting down, calling <built-in function main_quit>.
2012-05-15 03:43:01,859:859.668016434 - ubuntu-sso-login - INFO - Starting Ubuntu SSO login manager for bus 'com.ubuntu.sso'.
2012-05-15 03:43:01,871:871.311903 - ubuntu_sso.account - INFO - Created a new SSO access layer for service url 'https://login.ubuntu.com/api/1.0'
2012-05-15 03:43:01,892:892.833948135 - ubuntu_sso.credentials - INFO - find_credentials: self.app_name dbus.String(u'Ubuntu Software Center'), result is {}? True
2012-05-15 03:43:01,893:893.413066864 - ubuntu_sso.main - INFO - CredentialsManagement: emitting CredentialsNotFound with app_name "Ubuntu Software Center".
2012-05-15 03:43:11,904:904.752016068 - ubuntu_sso.main - INFO - Shutting down, calling <built-in function main_quit>.
2012-05-15 03:48:02,498:498.562097549 - ubuntu-sso-login - INFO - Starting Ubuntu SSO login manager for bus 'com.ubuntu.sso'.
2012-05-15 03:48:02,499:499.758005142 - ubuntu_sso.account - INFO - Created a new SSO access layer for service url 'https://login.ubuntu.com/api/1.0'
2012-05-15 03:48:02,518:518.382072449 - ubuntu_sso.credentials - INFO - find_credentials: self.app_name dbus.String(u'Ubuntu Software Center'), result is {}? True
2012-05-15 03:48:02,518:518.56803894 - ubuntu_sso.main - INFO - CredentialsManagement: emitting CredentialsNotFound with app_name "Ubuntu Software Center".
2012-05-15 03:48:12,526:526.803970337 - ubuntu_sso.main - INFO - Shutting down, calling <built-in function main_quit>.
2012-05-15 11:27:10,240:240.211963654 - ubuntu-sso-login - INFO - Starting Ubuntu SSO login manager for bus 'com.ubuntu.sso'.
2012-05-15 11:27:10,242:242.702960968 - ubuntu_sso.account - INFO - Created a new SSO access layer for service url 'https://login.ubuntu.com/api/1.0'
2012-05-15 11:27:10,283:283.169031143 - ubuntu_sso.credentials - INFO - find_credentials: self.app_name dbus.String(u'Ubuntu Software Center'), result is {}? True
2012-05-15 11:27:10,283:283.353090286 - ubuntu_sso.main - INFO - CredentialsManagement: emitting CredentialsNotFound with app_name "Ubuntu Software Center".
2012-05-15 11:27:20,288:288.156986237 - ubuntu_sso.main - INFO - Shutting down, calling <built-in function main_quit>.
2012-05-15 11:32:11,513:513.382911682 - ubuntu-sso-login - INFO - Starting Ubuntu SSO login manager for bus 'com.ubuntu.sso'.
2012-05-15 11:32:11,516:516.477108002 - ubuntu_sso.account - INFO - Created a new SSO access layer for service url 'https://login.ubuntu.com/api/1.0'
2012-05-15 11:32:11,529:529.310941696 - ubuntu_sso.credentials - INFO - find_credentials: self.app_name dbus.String(u'Ubuntu Software Center'), result is {}? True
2012-05-15 11:32:11,529:529.491901398 - ubuntu_sso.main - INFO - CredentialsManagement: emitting CredentialsNotFound with app_name "Ubuntu Software Center".
2012-05-15 11:32:21,540:540.764093399 - ubuntu_sso.main - INFO - Shutting down, calling <built-in function main_quit>.
2012-05-15 11:43:32,901:901.524066925 - ubuntu-sso-login - INFO - Starting Ubuntu SSO login manager for bus 'com.ubuntu.sso'.
2012-05-15 11:43:32,915:915.448904037 - ubuntu_sso.account - INFO - Created a new SSO access layer for service url 'https://login.ubuntu.com/api/1.0'
2012-05-15 11:43:32,981:981.302976608 - ubuntu_sso.credentials - INFO - find_credentials: self.app_name dbus.String(u'Ubuntu Software Center'), result is {}? True
2012-05-15 11:43:32,981:981.492042542 - ubuntu_sso.main - INFO - CredentialsManagement: emitting CredentialsNotFound with app_name "Ubuntu Software Center".
2012-05-15 11:43:42,982:982.642889023 - ubuntu_sso.main - INFO - Shutting down, calling <built-in function main_quit>.
2012-05-15 11:48:33,652:652.287006378 - ubuntu-sso-login - INFO - Starting Ubuntu SSO login manager for bus 'com.ubuntu.sso'.
2012-05-15 11:48:33,654:654.716968536 - ubuntu_sso.account - INFO - Created a new SSO access layer for service url 'https://login.ubuntu.com/api/1.0'
2012-05-15 11:48:33,662:662.693977356 - ubuntu_sso.credentials - INFO - find_credentials: self.app_name dbus.String(u'Ubuntu Software Center'), result is {}? True
2012-05-15 11:48:33,662:662.86611557 - ubuntu_sso.main - INFO - CredentialsManagement: emitting CredentialsNotFound with app_name "Ubuntu Software Center".
2012-05-15 11:48:43,672:672.174930573 - ubuntu_sso.main - INFO - Shutting down, calling <built-in function main_quit>.
2012-05-15 17:47:50,581:581.423997879 - ubuntu-sso-login - INFO - Starting Ubuntu SSO login manager for bus 'com.ubuntu.sso'.
2012-05-15 17:47:50,646:646.347045898 - ubuntu_sso.account - INFO - Created a new SSO access layer for service url 'https://login.ubuntu.com/api/1.0'
2012-05-15 17:47:50,865:865.993022919 - ubuntu_sso.credentials - INFO - find_credentials: self.app_name dbus.String(u'Ubuntu Software Center'), result is {}? True
2012-05-15 17:47:50,866:866.354942322 - ubuntu_sso.main - INFO - CredentialsManagement: emitting CredentialsNotFound with app_name "Ubuntu Software Center".
2012-05-15 17:48:00,870:870.92089653 - ubuntu_sso.main - INFO - Shutting down, calling <built-in function main_quit>.
2012-05-15 17:52:50,853:853.172063828 - ubuntu-sso-login - INFO - Starting Ubuntu SSO login manager for bus 'com.ubuntu.sso'.
2012-05-15 17:52:50,856:856.081008911 - ubuntu_sso.account - INFO - Created a new SSO access layer for service url 'https://login.ubuntu.com/api/1.0'
2012-05-15 17:52:50,864:864.161968231 - ubuntu_sso.credentials - INFO - find_credentials: self.app_name dbus.String(u'Ubuntu Software Center'), result is {}? True
2012-05-15 17:52:50,864:864.331007004 - ubuntu_sso.main - INFO - CredentialsManagement: emitting CredentialsNotFound with app_name "Ubuntu Software Center".
2012-05-15 17:53:00,872:872.040987015 - ubuntu_sso.main - INFO - Shutting down, calling <built-in function main_quit>.
2012-05-16 01:34:37,471:471.446990967 - ubuntu-sso-login - INFO - Starting Ubuntu SSO login manager for bus 'com.ubuntu.sso'.
2012-05-16 01:34:37,505:505.943059921 - ubuntu_sso.account - INFO - Created a new SSO access layer for service url 'https://login.ubuntu.com/api/1.0'
2012-05-16 01:34:37,538:538.378953934 - ubuntu_sso.credentials - INFO - find_credentials: self.app_name dbus.String(u'Ubuntu Software Center'), result is {}? True
2012-05-16 01:34:37,538:538.57088089 - ubuntu_sso.main - INFO - CredentialsManagement: emitting CredentialsNotFound with app_name "Ubuntu Software Center".
2012-05-16 01:34:47,548:548.887968063 - ubuntu_sso.main - INFO - Shutting down, calling <built-in function main_quit>.
2012-05-16 01:39:38,216:216.284036636 - ubuntu-sso-login - INFO - Starting Ubuntu SSO login manager for bus 'com.ubuntu.sso'.
2012-05-16 01:39:38,218:218.606948853 - ubuntu_sso.account - INFO - Created a new SSO access layer for service url 'https://login.ubuntu.com/api/1.0'
2012-05-16 01:39:38,226:226.994037628 - ubuntu_sso.credentials - INFO - find_credentials: self.app_name dbus.String(u'Ubuntu Software Center'), result is {}? True
2012-05-16 01:39:38,227:227.184057236 - ubuntu_sso.main - INFO - CredentialsManagement: emitting CredentialsNotFound with app_name "Ubuntu Software Center".
2012-05-16 01:39:48,234:234.570980072 - ubuntu_sso.main - INFO - Shutting down, calling <built-in function main_quit>.
2012-10-31 18:19:18,305:305.880069733 - ubuntu-sso-login - INFO - Starting Ubuntu SSO login manager for bus 'com.ubuntu.sso'.
2012-10-31 18:19:18,335:335.556030273 - ubuntu_sso.account - INFO - Created a new SSO access layer for service url 'https://login.ubuntu.com/api/1.0'
2012-10-31 18:19:18,684:684.686899185 - ubuntu_sso.credentials - INFO - find_credentials: self.app_name dbus.String(u'Ubuntu Software Center'), result is {}? True
2012-10-31 18:19:18,688:688.937902451 - ubuntu_sso.main - INFO - CredentialsManagement: emitting CredentialsNotFound with app_name "Ubuntu Software Center".
2012-10-31 18:19:28,726:726.773023605 - ubuntu_sso.main - INFO - Shutting down, calling <built-in function main_quit>.
2012-10-31 18:24:21,162:162.727117538 - ubuntu-sso-login - INFO - Starting Ubuntu SSO login manager for bus 'com.ubuntu.sso'.
2012-10-31 18:24:21,192:192.805051804 - ubuntu_sso.account - INFO - Created a new SSO access layer for service url 'https://login.ubuntu.com/api/1.0'
2012-10-31 18:24:21,268:268.487930298 - ubuntu_sso.credentials - INFO - find_credentials: self.app_name dbus.String(u'Ubuntu Software Center'), result is {}? True
2012-10-31 18:24:21,268:268.975973129 - ubuntu_sso.main - INFO - CredentialsManagement: emitting CredentialsNotFound with app_name "Ubuntu Software Center".
2012-10-31 18:24:31,280:280.86400032 - ubuntu_sso.main - INFO - Shutting down, calling <built-in function main_quit>.
2012-10-31 19:10:03,489:489.176034927 - ubuntu-sso-login - INFO - Starting Ubuntu SSO login manager for bus 'com.ubuntu.sso'.
2012-10-31 19:10:03,570:570.741891861 - ubuntu_sso.account - INFO - Created a new SSO access layer for service url 'https://login.ubuntu.com/api/1.0'
2012-10-31 19:10:03,703:703.155040741 - ubuntu_sso.credentials - INFO - find_credentials: self.app_name dbus.String(u'Ubuntu One'), result is {}? True
2012-10-31 19:10:03,703:703.788995743 - ubuntu_sso.main - INFO - find_credentials: app_name "Ubuntu One", result is {}? True
2012-10-31 19:10:03,708:708.833932877 - ubuntu_sso.credentials - INFO - find_credentials: self.app_name dbus.String(u'Ubuntu One'), result is {}? True
2012-10-31 19:10:03,759:759.80091095 - ubuntu_sso.main - INFO - CredentialsManagement: emitting CredentialsNotFound with app_name "Ubuntu One".
2012-10-31 19:10:13,771:771.542072296 - ubuntu_sso.main - INFO - Shutting down, calling <built-in function main_quit>.
2012-11-07 16:59:36,487:487.140893936 - ubuntu-sso-login - INFO - Starting Ubuntu SSO login manager for bus 'com.ubuntu.sso'.
2012-11-07 16:59:36,515:515.348911285 - ubuntu_sso.account - INFO - Created a new SSO access layer for service url 'https://login.ubuntu.com/api/1.0'
2012-11-07 16:59:36,595:595.655918121 - ubuntu_sso.credentials - INFO - find_credentials: self.app_name dbus.String(u'Ubuntu One'), result is {}? True
2012-11-07 16:59:36,595:595.98493576 - ubuntu_sso.main - INFO - CredentialsManagement: emitting CredentialsNotFound with app_name "Ubuntu One".
2012-11-07 16:59:36,603:603.197097778 - ubuntu_sso.credentials - INFO - find_credentials: self.app_name dbus.String(u'Ubuntu One'), result is {}? True
2012-11-07 16:59:36,603:603.542089462 - ubuntu_sso.main - INFO - CredentialsManagement: emitting CredentialsNotFound with app_name "Ubuntu One".
2012-11-07 16:59:46,614:614.804983139 - ubuntu_sso.main - INFO - Shutting down, calling <built-in function main_quit>.
2012-11-07 17:21:23,239:239.461898804 - ubuntu-sso-login - INFO - Starting Ubuntu SSO login manager for bus 'com.ubuntu.sso'.
2012-11-07 17:21:23,276:276.042938232 - ubuntu_sso.account - INFO - Created a new SSO access layer for service url 'https://login.ubuntu.com/api/1.0'
2012-11-07 17:21:23,645:645.5950737 - ubuntu_sso.credentials - INFO - find_credentials: self.app_name dbus.String(u'Ubuntu Software Center'), result is {}? True
2012-11-07 17:21:23,646:646.560907364 - ubuntu_sso.main - INFO - CredentialsManagement: emitting CredentialsNotFound with app_name "Ubuntu Software Center".
2012-11-07 17:21:33,763:763.165950775 - ubuntu_sso.main - INFO - Shutting down, calling <built-in function main_quit>.
2012-11-07 17:26:31,544:544.449090958 - ubuntu-sso-login - INFO - Starting Ubuntu SSO login manager for bus 'com.ubuntu.sso'.
2012-11-07 17:26:31,642:642.976999283 - ubuntu_sso.account - INFO - Created a new SSO access layer for service url 'https://login.ubuntu.com/api/1.0'
2012-11-07 17:26:32,195:195.717096329 - ubuntu_sso.credentials - INFO - find_credentials: self.app_name dbus.String(u'Ubuntu Software Center'), result is {}? True
2012-11-07 17:26:32,196:196.521043777 - ubuntu_sso.main - INFO - CredentialsManagement: emitting CredentialsNotFound with app_name "Ubuntu Software Center".
2012-11-07 17:26:42,208:208.470106125 - ubuntu_sso.main - INFO - Shutting down, calling <built-in function main_quit>.
2012-11-09 15:20:48,630:630.80906868 - ubuntu-sso-login - INFO - Starting Ubuntu SSO login manager for bus 'com.ubuntu.sso'.
2012-11-09 15:20:48,642:642.280101776 - ubuntu_sso.account - INFO - Created a new SSO access layer for service url 'https://login.ubuntu.com/api/1.0'
2012-11-09 15:20:48,729:729.61306572 - ubuntu_sso.credentials - INFO - find_credentials: self.app_name dbus.String(u'Ubuntu One'), result is {}? True
2012-11-09 15:20:48,730:730.042934418 - ubuntu_sso.main - INFO - CredentialsManagement: emitting CredentialsNotFound with app_name "Ubuntu One".
2012-11-09 15:20:48,732:732.73396492 - ubuntu_sso.credentials - INFO - find_credentials: self.app_name dbus.String(u'Ubuntu One'), result is {}? True
2012-11-09 15:20:48,733:733.086109161 - ubuntu_sso.main - INFO - CredentialsManagement: emitting CredentialsNotFound with app_name "Ubuntu One".
2012-11-09 15:20:58,745:745.837926865 - ubuntu_sso.main - INFO - Shutting down, calling <built-in function main_quit>.
2012-11-14 16:20:45,643:643.039941788 - ubuntu-sso-login - INFO - Starting Ubuntu SSO login manager for bus 'com.ubuntu.sso'.
2012-11-14 16:20:45,720:720.242023468 - ubuntu_sso.account - INFO - Created a new SSO access layer for service url 'https://login.ubuntu.com/api/1.0'
2012-11-14 16:20:45,909:909.254074097 - ubuntu_sso.credentials - INFO - find_credentials: self.app_name dbus.String(u'Ubuntu One'), result is {}? True
2012-11-14 16:20:45,909:909.738063812 - ubuntu_sso.main - INFO - CredentialsManagement: emitting CredentialsNotFound with app_name "Ubuntu One".
2012-11-14 16:20:45,914:914.091110229 - ubuntu_sso.credentials - INFO - find_credentials: self.app_name dbus.String(u'Ubuntu One'), result is {}? True
2012-11-14 16:20:45,914:914.585113525 - ubuntu_sso.main - INFO - CredentialsManagement: emitting CredentialsNotFound with app_name "Ubuntu One".
2012-11-14 16:20:55,922:922.616958618 - ubuntu_sso.main - INFO - Shutting down, calling <built-in function main_quit>.
2012-11-14 16:54:15,672:672.425985336 - ubuntu-sso-login - INFO - Starting Ubuntu SSO login manager for bus 'com.ubuntu.sso'.
2012-11-14 16:54:15,772:772.376060486 - ubuntu_sso.account - INFO - Created a new SSO access layer for service url 'https://login.ubuntu.com/api/1.0'
2012-11-14 16:54:15,958:958.453893661 - ubuntu_sso.credentials - INFO - find_credentials: self.app_name dbus.String(u'Ubuntu Software Center'), result is {}? True
2012-11-14 16:54:15,967:967.763900757 - ubuntu_sso.main - INFO - CredentialsManagement: emitting CredentialsNotFound with app_name "Ubuntu Software Center".
2012-11-14 16:54:26,087:87.9580974579 - ubuntu_sso.main - INFO - Shutting down, calling <built-in function main_quit>.
2012-11-14 16:59:19,132:132.224082947 - ubuntu-sso-login - INFO - Starting Ubuntu SSO login manager for bus 'com.ubuntu.sso'.
2012-11-14 16:59:19,167:167.891025543 - ubuntu_sso.account - INFO - Created a new SSO access layer for service url 'https://login.ubuntu.com/api/1.0'
2012-11-14 16:59:19,289:289.169073105 - ubuntu_sso.credentials - INFO - find_credentials: self.app_name dbus.String(u'Ubuntu Software Center'), result is {}? True
2012-11-14 16:59:19,289:289.783000946 - ubuntu_sso.main - INFO - CredentialsManagement: emitting CredentialsNotFound with app_name "Ubuntu Software Center".
2012-11-14 16:59:29,300:300.149917603 - ubuntu_sso.main - INFO - Shutting down, calling <built-in function main_quit>.
2012-11-16 15:22:44,048:48.150062561 - ubuntu-sso-login - INFO - Starting Ubuntu SSO login manager for bus 'com.ubuntu.sso'.
2012-11-16 15:22:44,068:68.4499740601 - ubuntu_sso.account - INFO - Created a new SSO access layer for service url 'https://login.ubuntu.com/api/1.0'
2012-11-16 15:22:44,165:165.296077728 - ubuntu_sso.credentials - INFO - find_credentials: self.app_name dbus.String(u'Ubuntu One'), result is {}? True
2012-11-16 15:22:44,165:165.621042252 - ubuntu_sso.main - INFO - CredentialsManagement: emitting CredentialsNotFound with app_name "Ubuntu One".
2012-11-16 15:22:44,168:168.778896332 - ubuntu_sso.credentials - INFO - find_credentials: self.app_name dbus.String(u'Ubuntu One'), result is {}? True
2012-11-16 15:22:44,169:169.157028198 - ubuntu_sso.main - INFO - CredentialsManagement: emitting CredentialsNotFound with app_name "Ubuntu One".
2012-11-16 15:22:54,175:175.276994705 - ubuntu_sso.main - INFO - Shutting down, calling <built-in function main_quit>.
2012-11-16 15:56:31,451:451.026916504 - ubuntu-sso-login - INFO - Starting Ubuntu SSO login manager for bus 'com.ubuntu.sso'.
2012-11-16 15:56:31,705:705.094099045 - ubuntu_sso.account - INFO - Created a new SSO access layer for service url 'https://login.ubuntu.com/api/1.0'
2012-11-16 15:56:32,635:635.451078415 - ubuntu_sso.credentials - INFO - find_credentials: self.app_name dbus.String(u'Ubuntu Software Center'), result is {}? True
2012-11-16 15:56:32,658:658.8139534 - ubuntu_sso.main - INFO - CredentialsManagement: emitting CredentialsNotFound with app_name "Ubuntu Software Center".
2012-11-16 15:56:42,683:683.737039566 - ubuntu_sso.main - INFO - Shutting down, calling <built-in function main_quit>.
2012-11-16 16:01:46,329:329.058885574 - ubuntu-sso-login - INFO - Starting Ubuntu SSO login manager for bus 'com.ubuntu.sso'.
2012-11-16 16:01:46,429:429.023981094 - ubuntu_sso.account - INFO - Created a new SSO access layer for service url 'https://login.ubuntu.com/api/1.0'
2012-11-16 16:01:46,958:958.659887314 - ubuntu_sso.credentials - INFO - find_credentials: self.app_name dbus.String(u'Ubuntu Software Center'), result is {}? True
2012-11-16 16:01:46,959:959.315061569 - ubuntu_sso.main - INFO - CredentialsManagement: emitting CredentialsNotFound with app_name "Ubuntu Software Center".
2012-11-16 16:01:57,066:66.7519569397 - ubuntu_sso.main - INFO - Shutting down, calling <built-in function main_quit>.
2013-04-12 20:12:26,276:276.103973389 - ubuntu-sso-login - INFO - Starting Ubuntu SSO login manager for bus 'com.ubuntu.sso'.
2013-04-12 20:12:26,288:288.458108902 - ubuntu_sso.account - INFO - Created a new SSO access layer for service url 'https://login.ubuntu.com/api/1.0'
2013-04-12 20:12:26,357:357.072114944 - ubuntu_sso.credentials - INFO - find_credentials: self.app_name dbus.String(u'Ubuntu One'), result is {}? True
2013-04-12 20:12:26,357:357.38992691 - ubuntu_sso.main - INFO - CredentialsManagement: emitting CredentialsNotFound with app_name "Ubuntu One".
2013-04-12 20:12:26,360:360.080003738 - ubuntu_sso.credentials - INFO - find_credentials: self.app_name dbus.String(u'Ubuntu One'), result is {}? True
2013-04-12 20:12:26,360:360.430002213 - ubuntu_sso.main - INFO - CredentialsManagement: emitting CredentialsNotFound with app_name "Ubuntu One".
2013-04-12 20:12:36,362:362.601041794 - ubuntu_sso.main - INFO - Shutting down, calling <built-in function main_quit>.
2013-04-12 20:22:12,159:159.853935242 - ubuntu-sso-login - INFO - Starting Ubuntu SSO login manager for bus 'com.ubuntu.sso'.
2013-04-12 20:22:12,184:184.61894989 - ubuntu_sso.account - INFO - Created a new SSO access layer for service url 'https://login.ubuntu.com/api/1.0'
2013-04-12 20:22:12,289:289.680957794 - ubuntu_sso.credentials - INFO - find_credentials: self.app_name dbus.String(u'Ubuntu One'), result is {}? True
2013-04-12 20:22:12,290:290.359020233 - ubuntu_sso.main - INFO - CredentialsManagement: emitting CredentialsNotFound with app_name "Ubuntu One".
2013-04-12 20:22:12,293:293.029069901 - ubuntu_sso.credentials - INFO - find_credentials: self.app_name dbus.String(u'Ubuntu One'), result is {}? True
2013-04-12 20:22:12,293:293.486118317 - ubuntu_sso.main - INFO - CredentialsManagement: emitting CredentialsNotFound with app_name "Ubuntu One".
2013-04-12 20:22:22,300:300.873041153 - ubuntu_sso.main - INFO - Shutting down, calling <built-in function main_quit>.
2013-04-12 20:35:54,715:715.409994125 - ubuntu-sso-login - INFO - Starting Ubuntu SSO login manager for bus 'com.ubuntu.sso'.
2013-04-12 20:35:54,775:775.862932205 - ubuntu_sso.account - INFO - Created a new SSO access layer for service url 'https://login.ubuntu.com/api/1.0'
2013-04-12 20:35:54,891:891.805887222 - ubuntu_sso.credentials - INFO - find_credentials: self.app_name dbus.String(u'Ubuntu Software Center'), result is {}? True
2013-04-12 20:35:54,892:892.285108566 - ubuntu_sso.main - INFO - CredentialsManagement: emitting CredentialsNotFound with app_name "Ubuntu Software Center".
2013-04-12 20:36:04,903:903.532028198 - ubuntu_sso.main - INFO - Shutting down, calling <built-in function main_quit>.
2013-04-12 20:40:57,073:73.5709667206 - ubuntu-sso-login - INFO - Starting Ubuntu SSO login manager for bus 'com.ubuntu.sso'.
2013-04-12 20:40:57,117:117.28811264 - ubuntu_sso.account - INFO - Created a new SSO access layer for service url 'https://login.ubuntu.com/api/1.0'
2013-04-12 20:40:57,193:193.634986877 - ubuntu_sso.credentials - INFO - find_credentials: self.app_name dbus.String(u'Ubuntu Software Center'), result is {}? True
2013-04-12 20:40:57,194:194.001913071 - ubuntu_sso.main - INFO - CredentialsManagement: emitting CredentialsNotFound with app_name "Ubuntu Software Center".
2013-04-12 20:41:07,206:206.207990646 - ubuntu_sso.main - INFO - Shutting down, calling <built-in function main_quit>.
2013-04-17 19:23:25,859:859.477996826 - ubuntu-sso-login - INFO - Starting Ubuntu SSO login manager for bus 'com.ubuntu.sso'.
2013-04-17 19:23:25,872:872.478961945 - ubuntu_sso.account - INFO - Created a new SSO access layer for service url 'https://login.ubuntu.com/api/1.0'
2013-04-17 19:23:25,937:937.675952911 - ubuntu_sso.credentials - INFO - find_credentials: self.app_name dbus.String(u'Ubuntu One'), result is {}? True
2013-04-17 19:23:25,938:938.076019287 - ubuntu_sso.main - INFO - CredentialsManagement: emitting CredentialsNotFound with app_name "Ubuntu One".
2013-04-17 19:23:25,940:940.848112106 - ubuntu_sso.credentials - INFO - find_credentials: self.app_name dbus.String(u'Ubuntu One'), result is {}? True
2013-04-17 19:23:25,941:941.245079041 - ubuntu_sso.main - INFO - CredentialsManagement: emitting CredentialsNotFound with app_name "Ubuntu One".
2013-04-17 19:23:35,949:949.661970139 - ubuntu_sso.main - INFO - Shutting down, calling <built-in function main_quit>.
