1585 [2013-04-17 19:23:10,015] - DEBUG - singleton - Checking for another running instance...
1585 [2013-04-17 19:23:10,063] - INFO - zeitgeist.sql - Using database: /home/saasbook/.local/share/zeitgeist/activity.sqlite
1585 [2013-04-17 19:23:10,070] - DEBUG - zeitgeist.sql - Core schema is good. DB loaded in 6.3099861145ms
1585 [2013-04-17 19:23:10,072] - DEBUG - zeitgeist.extension - Searching for system extensions in: /usr/share/zeitgeist/_zeitgeist/engine/extensions
1585 [2013-04-17 19:23:10,072] - DEBUG - zeitgeist.extension - Searching for user extensions in: /home/saasbook/.local/share/zeitgeist/extensions
1585 [2013-04-17 19:23:10,151] - DEBUG - zeitgeist.extension - No extra extensions
1585 [2013-04-17 19:23:10,151] - DEBUG - zeitgeist.extension - Found extensions: [<class '_zeitgeist.engine.extensions.datasource_registry.DataSourceRegistry'>, <class '_zeitgeist.engine.extensions.storagemonitor.StorageMonitor'>, <class '_zeitgeist.engine.extensions.fts.SearchEngineExtension'>, <class '_zeitgeist.engine.extensions.blacklist.Blacklist'>]
1585 [2013-04-17 19:23:10,151] - DEBUG - zeitgeist.extension - Loading extension 'DataSourceRegistry'
1585 [2013-04-17 19:23:10,152] - DEBUG - zeitgeist.datasource_registry - Loaded data-source data from /home/saasbook/.local/share/zeitgeist/datasources.pickle
1585 [2013-04-17 19:23:10,154] - DEBUG - zeitgeist.extension - Loading extension 'StorageMonitor'
1585 [2013-04-17 19:23:10,213] - DEBUG - zeitgeist.storagemonitor - Creating NetworkManager network monitor
1585 [2013-04-17 19:23:10,220] - DEBUG - zeitgeist.storagemonitor - NetworkManager network state: 70
1585 [2013-04-17 19:23:10,220] - DEBUG - zeitgeist.storagemonitor - Setting storage medium net 'Internet' as available
1585 [2013-04-17 19:23:10,255] - DEBUG - zeitgeist.extension - Loading extension 'SearchEngineExtension'
1585 [2013-04-17 19:23:10,255] - DEBUG - zeitgeist.fts - Opening full text index: /home/saasbook/.local/share/zeitgeist/fts.index
1585 [2013-04-17 19:23:10,311] - DEBUG - zeitgeist.extension - Loading extension 'Blacklist'
1585 [2013-04-17 19:23:10,317] - DEBUG - zeitgeist.blacklist - No existing blacklist config found
1585 [2013-04-17 19:23:10,319] - INFO - root - Trying to start the datahub
1585 [2013-04-17 19:23:10,395] - DEBUG - root - Running datahub (/usr/bin/zeitgeist-datahub) with PID=1588
1585 [2013-04-17 19:23:10,399] - INFO - root - Starting Zeitgeist service...
1585 [2013-04-17 19:30:35,571] - DEBUG - zeitgeist.fts - Indexing 'file:///home/saasbook/gitignore'
1585 [2013-04-17 19:30:35,628] - DEBUG - zeitgeist.engine - Inserted 1 events out of 1 in 0.130960s
1585 [2013-04-17 19:30:36,114] - DEBUG - zeitgeist.fts - Committing FTS index
